robots_list, ./results/gen_robots_list_hopper_gap.txt
results_path, ./results
env_id, Hopper-v5
num_timesteps, 30000000
scripts, python ./tasks/ppo_eval.py
ctrl_cost_weight, 0.0005
expt_name, hopper_gap
Job 198312 has exceeded the 30-minute running timeout. Cancelling.
Job 198313 has exceeded the 30-minute running timeout. Cancelling.
Job 198314 has exceeded the 30-minute running timeout. Cancelling.
Job 198315 has exceeded the 30-minute running timeout. Cancelling.
Job 198316 has exceeded the 30-minute running timeout. Cancelling.
args.rews_path /scratch/knagiredla/robonet/logs/exp_GSCA_5_gap_base_hopper_50_000_134_1734445249/policies/rew_modified.json
**************************************************************
Path ./test
args1 ./results/gen_robots_list_hopper_gap.txt
args2 ./results
args3 Hopper-v5
args4 30000000
args5 python ./tasks/ppo_eval.py
args6 0.0005
args7 hopper_gap
out of call_train_script
