robots_list, ./results/gen_robots_list_swimmer.txt
results_path, ./results
env_id, Swimmer-v5
num_timesteps, 10000000
scripts, python ./tasks/ppo_eval.py
ctrl_cost_weight, 0.0005
expt_name, swimmer
Job 200778 has exceeded the 30-minute running timeout. Cancelling.
Job 200779 has exceeded the 30-minute running timeout. Cancelling.
Job 200780 has exceeded the 30-minute running timeout. Cancelling.
Job 200781 has exceeded the 30-minute running timeout. Cancelling.
Job 200782 has exceeded the 30-minute running timeout. Cancelling.
args.rews_path /scratch/knagiredla/robonet/logs/exp_GSCA_5_flat_base_swimmer_50_000_134_1734610818/policies/rew_modified.json
**************************************************************
Path ./test
args1 ./results/gen_robots_list_swimmer.txt
args2 ./results
args3 Swimmer-v5
args4 10000000
args5 python ./tasks/ppo_eval.py
args6 0.0005
args7 swimmer
out of call_train_script
